C:/Users/Lars/repos/CO2-Meter/src/BMP280Sensor.h:7: warning: Compound BMP280Sensor is not documented.
C:/Users/Lars/repos/CO2-Meter/src/SensorInterface.h:6: warning: Compound CO2SensorInterface is not documented.
C:/Users/Lars/repos/CO2-Meter/src/DisplayManager.h:9: warning: Compound DisplayManager is not documented.
C:/Users/Lars/repos/CO2-Meter/src/Logger.h:15: warning: Compound Logger is not documented.
C:/Users/Lars/repos/CO2-Meter/test/mocks/MockBMP280.h:4: warning: Compound MockBMP280 is not documented.
C:/Users/Lars/repos/CO2-Meter/test/mocks/MockDisplay.h:8: warning: Compound MockDisplay is not documented.
C:/Users/Lars/repos/CO2-Meter/test/mocks/MockSCD30.h:4: warning: Compound MockSCD30 is not documented.
C:/Users/Lars/repos/CO2-Meter/src/SensorInterface.h:17: warning: Compound PressureSensorInterface is not documented.
C:/Users/Lars/repos/CO2-Meter/src/SCD30Sensor.h:7: warning: Compound SCD30Sensor is not documented.
C:/Users/Lars/repos/CO2-Meter/src/SensorManager.h:9: warning: Compound SensorManager is not documented.
C:/Users/Lars/repos/CO2-Meter/src/BMP280Sensor.h:12: warning: Member begin(uint8_t addr) override (function) of class BMP280Sensor is not documented.
C:/Users/Lars/repos/CO2-Meter/src/BMP280Sensor.h:20: warning: Member readPressure() override (function) of class BMP280Sensor is not documented.
C:/Users/Lars/repos/CO2-Meter/src/BMP280Sensor.h:16: warning: Member readTemperature() override (function) of class BMP280Sensor is not documented.
C:/Users/Lars/repos/CO2-Meter/src/SensorInterface.h:9: warning: Member begin()=0 (function) of class CO2SensorInterface is not documented.
C:/Users/Lars/repos/CO2-Meter/src/SensorInterface.h:10: warning: Member dataAvailable()=0 (function) of class CO2SensorInterface is not documented.
C:/Users/Lars/repos/CO2-Meter/src/SensorInterface.h:11: warning: Member getCO2()=0 (function) of class CO2SensorInterface is not documented.
C:/Users/Lars/repos/CO2-Meter/src/SensorInterface.h:13: warning: Member getHumidity()=0 (function) of class CO2SensorInterface is not documented.
C:/Users/Lars/repos/CO2-Meter/src/SensorInterface.h:12: warning: Member getTemperature()=0 (function) of class CO2SensorInterface is not documented.
C:/Users/Lars/repos/CO2-Meter/src/SensorInterface.h:14: warning: Member setForcedRecalibrationFactor(uint16_t concentration)=0 (function) of class CO2SensorInterface is not documented.
C:/Users/Lars/repos/CO2-Meter/src/DisplayManager.h:22: warning: Member getLogLevel() const (function) of class DisplayManager is not documented.
C:/Users/Lars/repos/CO2-Meter/src/DisplayManager.h:32: warning: Member initialize() (function) of class DisplayManager is not documented.
C:/Users/Lars/repos/CO2-Meter/src/DisplayManager.h:25: warning: Member log(LogLevel level, const char *message) (function) of class DisplayManager is not documented.
C:/Users/Lars/repos/CO2-Meter/src/DisplayManager.h:29: warning: Member logDebug(const char *message) (function) of class DisplayManager is not documented.
C:/Users/Lars/repos/CO2-Meter/src/DisplayManager.h:26: warning: Member logError(const char *message) (function) of class DisplayManager is not documented.
C:/Users/Lars/repos/CO2-Meter/src/DisplayManager.h:28: warning: Member logInfo(const char *message) (function) of class DisplayManager is not documented.
C:/Users/Lars/repos/CO2-Meter/src/DisplayManager.h:27: warning: Member logWarning(const char *message) (function) of class DisplayManager is not documented.
C:/Users/Lars/repos/CO2-Meter/src/DisplayManager.h:19: warning: Member setLogLevel(LogLevel level) (function) of class DisplayManager is not documented.
C:/Users/Lars/repos/CO2-Meter/src/DisplayManager.h:34: warning: Member showCalibrationMessage(const char *message1, const char *message2) (function) of class DisplayManager is not documented.
C:/Users/Lars/repos/CO2-Meter/src/DisplayManager.h:33: warning: Member showHeadline(const char *text) (function) of class DisplayManager is not documented.
C:/Users/Lars/repos/CO2-Meter/src/DisplayManager.h:35: warning: Member showReadings(float co2, float temperatureSCD, float temperatureBMP, float humidity, float pressure) (function) of class DisplayManager is not documented.
C:/Users/Lars/repos/CO2-Meter/src/Logger.h:40: warning: Member debug(const char *message) (function) of class Logger is not documented.
C:/Users/Lars/repos/CO2-Meter/src/Logger.h:37: warning: Member error(const char *message) (function) of class Logger is not documented.
C:/Users/Lars/repos/CO2-Meter/src/Logger.h:31: warning: Member getLogLevel() (function) of class Logger is not documented.
C:/Users/Lars/repos/CO2-Meter/src/Logger.h:39: warning: Member info(const char *message) (function) of class Logger is not documented.
C:/Users/Lars/repos/CO2-Meter/src/Logger.h:34: warning: Member log(LogLevel level, const char *message) (function) of class Logger is not documented.
C:/Users/Lars/repos/CO2-Meter/src/Logger.h:28: warning: Member setLogLevel(LogLevel level) (function) of class Logger is not documented.
C:/Users/Lars/repos/CO2-Meter/src/Logger.h:38: warning: Member warning(const char *message) (function) of class Logger is not documented.
C:/Users/Lars/repos/CO2-Meter/src/Logger.h:25: warning: Member DBG (variable) of class Logger is not documented.
C:/Users/Lars/repos/CO2-Meter/src/Logger.h:22: warning: Member ERROR (variable) of class Logger is not documented.
C:/Users/Lars/repos/CO2-Meter/src/Logger.h:24: warning: Member INFO (variable) of class Logger is not documented.
C:/Users/Lars/repos/CO2-Meter/src/Logger.h:21: warning: Member NONE (variable) of class Logger is not documented.
C:/Users/Lars/repos/CO2-Meter/src/Logger.h:23: warning: Member WARNING (variable) of class Logger is not documented.
C:/Users/Lars/repos/CO2-Meter/test/mocks/MockBMP280.h:12: warning: Member begin(uint8_t addr=0x76) (function) of class MockBMP280 is not documented.
C:/Users/Lars/repos/CO2-Meter/test/mocks/MockBMP280.h:14: warning: Member readPressure() (function) of class MockBMP280 is not documented.
C:/Users/Lars/repos/CO2-Meter/test/mocks/MockBMP280.h:13: warning: Member readTemperature() (function) of class MockBMP280 is not documented.
C:/Users/Lars/repos/CO2-Meter/test/mocks/MockBMP280.h:6: warning: Member beginCalled (variable) of class MockBMP280 is not documented.
C:/Users/Lars/repos/CO2-Meter/test/mocks/MockBMP280.h:8: warning: Member pressureValue (variable) of class MockBMP280 is not documented.
C:/Users/Lars/repos/CO2-Meter/test/mocks/MockBMP280.h:7: warning: Member temperatureValue (variable) of class MockBMP280 is not documented.
C:/Users/Lars/repos/CO2-Meter/test/mocks/MockDisplay.h:17: warning: Member begin(uint8_t switchvcc, uint8_t i2caddr) (function) of class MockDisplay is not documented.
C:/Users/Lars/repos/CO2-Meter/test/mocks/MockDisplay.h:18: warning: Member clearDisplay() (function) of class MockDisplay is not documented.
C:/Users/Lars/repos/CO2-Meter/test/mocks/MockDisplay.h:19: warning: Member display() (function) of class MockDisplay is not documented.
C:/Users/Lars/repos/CO2-Meter/test/mocks/MockDisplay.h:23: warning: Member println(const char *text) (function) of class MockDisplay is not documented.
C:/Users/Lars/repos/CO2-Meter/test/mocks/MockDisplay.h:20: warning: Member setCursor(int x, int y) (function) of class MockDisplay is not documented.
C:/Users/Lars/repos/CO2-Meter/test/mocks/MockDisplay.h:22: warning: Member setTextColor(int color) (function) of class MockDisplay is not documented.
C:/Users/Lars/repos/CO2-Meter/test/mocks/MockDisplay.h:21: warning: Member setTextSize(int size) (function) of class MockDisplay is not documented.
C:/Users/Lars/repos/CO2-Meter/test/mocks/MockDisplay.h:10: warning: Member beginCalled (variable) of class MockDisplay is not documented.
C:/Users/Lars/repos/CO2-Meter/test/mocks/MockDisplay.h:11: warning: Member clearCalled (variable) of class MockDisplay is not documented.
C:/Users/Lars/repos/CO2-Meter/test/mocks/MockDisplay.h:12: warning: Member displayCalled (variable) of class MockDisplay is not documented.
C:/Users/Lars/repos/CO2-Meter/test/mocks/MockDisplay.h:13: warning: Member lastMessage (variable) of class MockDisplay is not documented.
C:/Users/Lars/repos/CO2-Meter/test/mocks/MockSCD30.h:15: warning: Member begin() (function) of class MockSCD30 is not documented.
C:/Users/Lars/repos/CO2-Meter/test/mocks/MockSCD30.h:19: warning: Member calibrate(uint16_t freshAirCO2) (function) of class MockSCD30 is not documented.
C:/Users/Lars/repos/CO2-Meter/test/mocks/MockSCD30.h:16: warning: Member getCO2() (function) of class MockSCD30 is not documented.
C:/Users/Lars/repos/CO2-Meter/test/mocks/MockSCD30.h:18: warning: Member getHumidity() (function) of class MockSCD30 is not documented.
C:/Users/Lars/repos/CO2-Meter/test/mocks/MockSCD30.h:17: warning: Member getTemperature() (function) of class MockSCD30 is not documented.
C:/Users/Lars/repos/CO2-Meter/test/mocks/MockSCD30.h:6: warning: Member beginCalled (variable) of class MockSCD30 is not documented.
C:/Users/Lars/repos/CO2-Meter/test/mocks/MockSCD30.h:10: warning: Member calibrationCalled (variable) of class MockSCD30 is not documented.
C:/Users/Lars/repos/CO2-Meter/test/mocks/MockSCD30.h:11: warning: Member calibrationSuccess (variable) of class MockSCD30 is not documented.
C:/Users/Lars/repos/CO2-Meter/test/mocks/MockSCD30.h:7: warning: Member co2Value (variable) of class MockSCD30 is not documented.
C:/Users/Lars/repos/CO2-Meter/test/mocks/MockSCD30.h:9: warning: Member humidityValue (variable) of class MockSCD30 is not documented.
C:/Users/Lars/repos/CO2-Meter/test/mocks/MockSCD30.h:8: warning: Member temperatureValue (variable) of class MockSCD30 is not documented.
C:/Users/Lars/repos/CO2-Meter/src/SensorInterface.h:20: warning: Member begin(uint8_t addr)=0 (function) of class PressureSensorInterface is not documented.
C:/Users/Lars/repos/CO2-Meter/src/SensorInterface.h:22: warning: Member readPressure()=0 (function) of class PressureSensorInterface is not documented.
C:/Users/Lars/repos/CO2-Meter/src/SensorInterface.h:21: warning: Member readTemperature()=0 (function) of class PressureSensorInterface is not documented.
C:/Users/Lars/repos/CO2-Meter/src/SCD30Sensor.h:12: warning: Member begin() override (function) of class SCD30Sensor is not documented.
C:/Users/Lars/repos/CO2-Meter/src/SCD30Sensor.h:16: warning: Member dataAvailable() override (function) of class SCD30Sensor is not documented.
C:/Users/Lars/repos/CO2-Meter/src/SCD30Sensor.h:20: warning: Member getCO2() override (function) of class SCD30Sensor is not documented.
C:/Users/Lars/repos/CO2-Meter/src/SCD30Sensor.h:28: warning: Member getHumidity() override (function) of class SCD30Sensor is not documented.
C:/Users/Lars/repos/CO2-Meter/src/SCD30Sensor.h:24: warning: Member getTemperature() override (function) of class SCD30Sensor is not documented.
C:/Users/Lars/repos/CO2-Meter/src/SCD30Sensor.h:32: warning: Member setForcedRecalibrationFactor(uint16_t concentration) override (function) of class SCD30Sensor is not documented.
C:/Users/Lars/repos/CO2-Meter/src/SensorManager.h:29: warning: Member calibrate(DisplayManager &display) (function) of class SensorManager is not documented.
C:/Users/Lars/repos/CO2-Meter/src/SensorManager.h:28: warning: Member checkAndCalibrate(DisplayManager &display) (function) of class SensorManager is not documented.
C:/Users/Lars/repos/CO2-Meter/src/SensorManager.h:30: warning: Member getCO2() (function) of class SensorManager is not documented.
C:/Users/Lars/repos/CO2-Meter/src/SensorManager.h:32: warning: Member getHumidity() (function) of class SensorManager is not documented.
C:/Users/Lars/repos/CO2-Meter/src/SensorManager.h:34: warning: Member getPressure() (function) of class SensorManager is not documented.
C:/Users/Lars/repos/CO2-Meter/src/SensorManager.h:33: warning: Member getTemperatureBMP() (function) of class SensorManager is not documented.
C:/Users/Lars/repos/CO2-Meter/src/SensorManager.h:31: warning: Member getTemperatureSCD() (function) of class SensorManager is not documented.
C:/Users/Lars/repos/CO2-Meter/src/SensorManager.h:27: warning: Member initializeSensors() (function) of class SensorManager is not documented.
C:/Users/Lars/repos/CO2-Meter/src/SensorManager.h:36: warning: Member isDataAvailable() (function) of class SensorManager is not documented.
C:/Users/Lars/repos/CO2-Meter/src/SensorManager.h:35: warning: Member resetCalibrationFlag() (function) of class SensorManager is not documented.
C:/Users/Lars/repos/CO2-Meter/src/SensorManager.h:24: warning: Member SensorManager(CO2SensorInterface *co2, PressureSensorInterface *pressure) (function) of class SensorManager is not documented.
